#
# There is insufficient memory for the Java Runtime Environment to continue.
# Native memory allocation (mmap) failed to map 87031808 bytes for committing reserved memory.
# Possible reasons:
#   The system is out of physical RAM or swap space
#   In 32 bit mode, the process size limit was hit
# Possible solutions:
#   Reduce memory load on the system
#   Increase physical memory or swap space
#   Check if swap backing store is full
#   Use 64 bit Java on a 64 bit OS
#   Decrease Java heap size (-Xmx/-Xms)
#   Decrease number of Java threads
#   Decrease Java thread stack sizes (-Xss)
#   Set larger code cache with -XX:ReservedCodeCacheSize=
# This output file may be truncated or incomplete.
#
#  Out of Memory Error (os_linux.cpp:2673), pid=1466, tid=140392316557056
#
# JRE version:  (8.0_40-b25) (build )
# Java VM: Java HotSpot(TM) 64-Bit Server VM (25.40-b25 mixed mode linux-amd64 compressed oops)
# Failed to write core dump. Core dumps have been disabled. To enable core dumping, try "ulimit -c unlimited" before starting Java again
#

---------------  T H R E A D  ---------------

Current thread (0x00007faf9c009800):  JavaThread "Unknown thread" [_thread_in_vm, id=1473, stack(0x00007fafa2185000,0x00007fafa2286000)]

Stack: [0x00007fafa2185000,0x00007fafa2286000],  sp=0x00007fafa2284370,  free space=1020k
Native frames: (J=compiled Java code, j=interpreted, Vv=VM code, C=native code)
V  [libjvm.so+0xaaca9a]  VMError::report_and_die()+0x2ba
V  [libjvm.so+0x4f333b]  report_vm_out_of_memory(char const*, int, unsigned long, VMErrorType, char const*)+0x8b
V  [libjvm.so+0x90e8c3]  os::Linux::commit_memory_impl(char*, unsigned long, bool)+0x103
V  [libjvm.so+0x90ee19]  os::pd_commit_memory(char*, unsigned long, unsigned long, bool)+0x29
V  [libjvm.so+0x90877a]  os::commit_memory(char*, unsigned long, unsigned long, bool)+0x2a
V  [libjvm.so+0x97bbc3]  PSVirtualSpace::expand_by(unsigned long)+0x53
V  [libjvm.so+0x96bc77]  PSOldGen::initialize(ReservedSpace, unsigned long, char const*, int)+0xb7
V  [libjvm.so+0x2d4cda]  AdjoiningGenerations::AdjoiningGenerations(ReservedSpace, GenerationSizer*, unsigned long)+0x39a
V  [libjvm.so+0x931816]  ParallelScavengeHeap::initialize()+0x1d6
V  [libjvm.so+0xa75bab]  Universe::initialize_heap()+0xfb
V  [libjvm.so+0xa75f1e]  universe_init()+0x3e
V  [libjvm.so+0x62f665]  init_globals()+0x65
V  [libjvm.so+0xa5a12e]  Threads::create_vm(JavaVMInitArgs*, bool*)+0x23e
V  [libjvm.so+0x6c3274]  JNI_CreateJavaVM+0x74
C  [libjli.so+0x745e]  JavaMain+0x9e
C  [libpthread.so.0+0x80a5]  start_thread+0xc5


---------------  P R O C E S S  ---------------

Java Threads: ( => current thread )

Other Threads:

=>0x00007faf9c009800 (exited) JavaThread "Unknown thread" [_thread_in_vm, id=1473, stack(0x00007fafa2185000,0x00007fafa2286000)]

VM state:not at safepoint (not fully initialized)

VM Mutex/Monitor currently owned by a thread: None

GC Heap History (0 events):
No events

Deoptimization events (0 events):
No events

Internal exceptions (0 events):
No events

Events (0 events):
No events


Dynamic libraries:
00400000-00401000 r-xp 00000000 fc:01 9844575                            /usr/lib/jvm/java-8-oracle/bin/java
00600000-00601000 rw-p 00000000 fc:01 9844575                            /usr/lib/jvm/java-8-oracle/bin/java
01bc3000-01be4000 rw-p 00000000 00:00 0                                  [heap]
8a100000-d6f80000 ---p 00000000 00:00 0 
d6f80000-d9880000 rw-p 00000000 00:00 0 
d9880000-100000000 ---p 00000000 00:00 0 
7faf8b83f000-7faf8b9d4000 rw-p 00000000 00:00 0 
7faf8b9d4000-7faf8bc64000 ---p 00000000 00:00 0 
7faf8bc64000-7faf8bc7a000 rw-p 00000000 00:00 0 
7faf8bc7a000-7faf8bdad000 ---p 00000000 00:00 0 
7faf8bdad000-7faf8bdb8000 rw-p 00000000 00:00 0 
7faf8bdb8000-7faf8c16e000 ---p 00000000 00:00 0 
7faf8c16e000-7faf8c3de000 rwxp 00000000 00:00 0 
7faf8c3de000-7faf9b16e000 ---p 00000000 00:00 0 
7faf9b16e000-7faf9b188000 r-xp 00000000 fc:01 10748901                   /usr/lib/jvm/java-8-oracle/jre/lib/amd64/libzip.so
7faf9b188000-7faf9b388000 ---p 0001a000 fc:01 10748901                   /usr/lib/jvm/java-8-oracle/jre/lib/amd64/libzip.so
7faf9b388000-7faf9b389000 rw-p 0001a000 fc:01 10748901                   /usr/lib/jvm/java-8-oracle/jre/lib/amd64/libzip.so
7faf9b389000-7faf9b394000 r-xp 00000000 fc:01 7607166                    /lib/x86_64-linux-gnu/libnss_files-2.19.so
7faf9b394000-7faf9b593000 ---p 0000b000 fc:01 7607166                    /lib/x86_64-linux-gnu/libnss_files-2.19.so
7faf9b593000-7faf9b594000 r--p 0000a000 fc:01 7607166                    /lib/x86_64-linux-gnu/libnss_files-2.19.so
7faf9b594000-7faf9b595000 rw-p 0000b000 fc:01 7607166                    /lib/x86_64-linux-gnu/libnss_files-2.19.so
7faf9b595000-7faf9b5a0000 r-xp 00000000 fc:01 7607171                    /lib/x86_64-linux-gnu/libnss_nis-2.19.so
7faf9b5a0000-7faf9b79f000 ---p 0000b000 fc:01 7607171                    /lib/x86_64-linux-gnu/libnss_nis-2.19.so
7faf9b79f000-7faf9b7a0000 r--p 0000a000 fc:01 7607171                    /lib/x86_64-linux-gnu/libnss_nis-2.19.so
7faf9b7a0000-7faf9b7a1000 rw-p 0000b000 fc:01 7607171                    /lib/x86_64-linux-gnu/libnss_nis-2.19.so
7faf9b7a1000-7faf9b7b8000 r-xp 00000000 fc:01 7603917                    /lib/x86_64-linux-gnu/libnsl-2.19.so
7faf9b7b8000-7faf9b9b7000 ---p 00017000 fc:01 7603917                    /lib/x86_64-linux-gnu/libnsl-2.19.so
7faf9b9b7000-7faf9b9b8000 r--p 00016000 fc:01 7603917                    /lib/x86_64-linux-gnu/libnsl-2.19.so
7faf9b9b8000-7faf9b9b9000 rw-p 00017000 fc:01 7603917                    /lib/x86_64-linux-gnu/libnsl-2.19.so
7faf9b9b9000-7faf9b9bb000 rw-p 00000000 00:00 0 
7faf9b9bb000-7faf9b9c4000 r-xp 00000000 fc:01 7603918                    /lib/x86_64-linux-gnu/libnss_compat-2.19.so
7faf9b9c4000-7faf9bbc3000 ---p 00009000 fc:01 7603918                    /lib/x86_64-linux-gnu/libnss_compat-2.19.so
7faf9bbc3000-7faf9bbc4000 r--p 00008000 fc:01 7603918                    /lib/x86_64-linux-gnu/libnss_compat-2.19.so
7faf9bbc4000-7faf9bbc5000 rw-p 00009000 fc:01 7603918                    /lib/x86_64-linux-gnu/libnss_compat-2.19.so
7faf9bbc5000-7faf9bbef000 r-xp 00000000 fc:01 10748896                   /usr/lib/jvm/java-8-oracle/jre/lib/amd64/libjava.so
7faf9bbef000-7faf9bdef000 ---p 0002a000 fc:01 10748896                   /usr/lib/jvm/java-8-oracle/jre/lib/amd64/libjava.so
7faf9bdef000-7faf9bdf1000 rw-p 0002a000 fc:01 10748896                   /usr/lib/jvm/java-8-oracle/jre/lib/amd64/libjava.so
7faf9bdf1000-7faf9bdfe000 r-xp 00000000 fc:01 10748900                   /usr/lib/jvm/java-8-oracle/jre/lib/amd64/libverify.so
7faf9bdfe000-7faf9bffe000 ---p 0000d000 fc:01 10748900                   /usr/lib/jvm/java-8-oracle/jre/lib/amd64/libverify.so
7faf9bffe000-7faf9c000000 rw-p 0000d000 fc:01 10748900                   /usr/lib/jvm/java-8-oracle/jre/lib/amd64/libverify.so
7faf9c000000-7faf9c032000 rw-p 00000000 00:00 0 
7faf9c032000-7fafa0000000 ---p 00000000 00:00 0 
7fafa00d6000-7fafa01c5000 rw-p 00000000 00:00 0 
7fafa01c5000-7fafa01cc000 r-xp 00000000 fc:01 7607172                    /lib/x86_64-linux-gnu/librt-2.19.so
7fafa01cc000-7fafa03cb000 ---p 00007000 fc:01 7607172                    /lib/x86_64-linux-gnu/librt-2.19.so
7fafa03cb000-7fafa03cc000 r--p 00006000 fc:01 7607172                    /lib/x86_64-linux-gnu/librt-2.19.so
7fafa03cc000-7fafa03cd000 rw-p 00007000 fc:01 7607172                    /lib/x86_64-linux-gnu/librt-2.19.so
7fafa03cd000-7fafa04d2000 r-xp 00000000 fc:01 7602281                    /lib/x86_64-linux-gnu/libm-2.19.so
7fafa04d2000-7fafa06d1000 ---p 00105000 fc:01 7602281                    /lib/x86_64-linux-gnu/libm-2.19.so
7fafa06d1000-7fafa06d2000 r--p 00104000 fc:01 7602281                    /lib/x86_64-linux-gnu/libm-2.19.so
7fafa06d2000-7fafa06d3000 rw-p 00105000 fc:01 7602281                    /lib/x86_64-linux-gnu/libm-2.19.so
7fafa06d3000-7fafa1381000 r-xp 00000000 fc:01 10748879                   /usr/lib/jvm/java-8-oracle/jre/lib/amd64/server/libjvm.so
7fafa1381000-7fafa1580000 ---p 00cae000 fc:01 10748879                   /usr/lib/jvm/java-8-oracle/jre/lib/amd64/server/libjvm.so
7fafa1580000-7fafa1657000 rw-p 00cad000 fc:01 10748879                   /usr/lib/jvm/java-8-oracle/jre/lib/amd64/server/libjvm.so
7fafa1657000-7fafa169b000 rw-p 00000000 00:00 0 
7fafa169b000-7fafa1855000 r-xp 00000000 fc:01 7607167                    /lib/x86_64-linux-gnu/libc-2.19.so
7fafa1855000-7fafa1a54000 ---p 001ba000 fc:01 7607167                    /lib/x86_64-linux-gnu/libc-2.19.so
7fafa1a54000-7fafa1a58000 r--p 001b9000 fc:01 7607167                    /lib/x86_64-linux-gnu/libc-2.19.so
7fafa1a58000-7fafa1a5a000 rw-p 001bd000 fc:01 7607167                    /lib/x86_64-linux-gnu/libc-2.19.so
7fafa1a5a000-7fafa1a5f000 rw-p 00000000 00:00 0 
7fafa1a5f000-7fafa1a62000 r-xp 00000000 fc:01 7603920                    /lib/x86_64-linux-gnu/libdl-2.19.so
7fafa1a62000-7fafa1c61000 ---p 00003000 fc:01 7603920                    /lib/x86_64-linux-gnu/libdl-2.19.so
7fafa1c61000-7fafa1c62000 r--p 00002000 fc:01 7603920                    /lib/x86_64-linux-gnu/libdl-2.19.so
7fafa1c62000-7fafa1c63000 rw-p 00003000 fc:01 7603920                    /lib/x86_64-linux-gnu/libdl-2.19.so
7fafa1c63000-7fafa1c78000 r-xp 00000000 fc:01 10748528                   /usr/lib/jvm/java-8-oracle/lib/amd64/jli/libjli.so
7fafa1c78000-7fafa1e78000 ---p 00015000 fc:01 10748528                   /usr/lib/jvm/java-8-oracle/lib/amd64/jli/libjli.so
7fafa1e78000-7fafa1e79000 rw-p 00015000 fc:01 10748528                   /usr/lib/jvm/java-8-oracle/lib/amd64/jli/libjli.so
7fafa1e79000-7fafa1e92000 r-xp 00000000 fc:01 7603921                    /lib/x86_64-linux-gnu/libpthread-2.19.so
7fafa1e92000-7fafa2091000 ---p 00019000 fc:01 7603921                    /lib/x86_64-linux-gnu/libpthread-2.19.so
7fafa2091000-7fafa2092000 r--p 00018000 fc:01 7603921                    /lib/x86_64-linux-gnu/libpthread-2.19.so
7fafa2092000-7fafa2093000 rw-p 00019000 fc:01 7603921                    /lib/x86_64-linux-gnu/libpthread-2.19.so
7fafa2093000-7fafa2097000 rw-p 00000000 00:00 0 
7fafa2097000-7fafa20ba000 r-xp 00000000 fc:01 7607143                    /lib/x86_64-linux-gnu/ld-2.19.so
7fafa2185000-7fafa2188000 ---p 00000000 00:00 0 
7fafa2188000-7fafa228a000 rw-p 00000000 00:00 0                          [stack:1473]
7fafa22aa000-7fafa22ad000 rw-p 00000000 00:00 0 
7fafa22ad000-7fafa22b5000 rw-s 00000000 fc:01 4325399                    /tmp/hsperfdata_espen/1466
7fafa22b5000-7fafa22b6000 rw-p 00000000 00:00 0 
7fafa22b6000-7fafa22b7000 r--p 00000000 00:00 0 
7fafa22b7000-7fafa22b9000 rw-p 00000000 00:00 0 
7fafa22b9000-7fafa22ba000 r--p 00022000 fc:01 7607143                    /lib/x86_64-linux-gnu/ld-2.19.so
7fafa22ba000-7fafa22bb000 rw-p 00023000 fc:01 7607143                    /lib/x86_64-linux-gnu/ld-2.19.so
7fafa22bb000-7fafa22bc000 rw-p 00000000 00:00 0 
7fff05d6e000-7fff05d8f000 rw-p 00000000 00:00 0                          [stack]
7fff05deb000-7fff05ded000 r-xp 00000000 00:00 0                          [vdso]
7fff05ded000-7fff05def000 r--p 00000000 00:00 0                          [vvar]
ffffffffff600000-ffffffffff601000 r-xp 00000000 00:00 0                  [vsyscall]

VM Arguments:
jvm_args: -Dfile.encoding=UTF-8 
java_command: quickconverter.QuickConverter
java_class_path (initial): /home/espen/git/moneyman/MoneyMan/bin
Launcher Type: SUN_STANDARD

Environment Variables:
PATH=/usr/local/sbin:/usr/local/bin:/usr/sbin:/usr/bin:/sbin:/bin:/usr/games:/usr/local/games
SHELL=/bin/bash
DISPLAY=:0

Signal Handlers:
SIGSEGV: [libjvm.so+0xaad2e0], sa_mask[0]=11111111011111111101111111111110, sa_flags=SA_RESTART|SA_SIGINFO
SIGBUS: [libjvm.so+0xaad2e0], sa_mask[0]=11111111011111111101111111111110, sa_flags=SA_RESTART|SA_SIGINFO
SIGFPE: [libjvm.so+0x90b550], sa_mask[0]=11111111011111111101111111111110, sa_flags=SA_RESTART|SA_SIGINFO
SIGPIPE: [libjvm.so+0x90b550], sa_mask[0]=11111111011111111101111111111110, sa_flags=SA_RESTART|SA_SIGINFO
SIGXFSZ: [libjvm.so+0x90b550], sa_mask[0]=11111111011111111101111111111110, sa_flags=SA_RESTART|SA_SIGINFO
SIGILL: [libjvm.so+0x90b550], sa_mask[0]=11111111011111111101111111111110, sa_flags=SA_RESTART|SA_SIGINFO
SIGUSR1: SIG_DFL, sa_mask[0]=00000000000000000000000000000000, sa_flags=none
SIGUSR2: [libjvm.so+0x90cb90], sa_mask[0]=00100000000000000000000000000000, sa_flags=SA_RESTART|SA_SIGINFO
SIGHUP: SIG_DFL, sa_mask[0]=00000000000000000000000000000000, sa_flags=none
SIGINT: SIG_DFL, sa_mask[0]=00000000000000000000000000000000, sa_flags=none
SIGTERM: SIG_DFL, sa_mask[0]=00000000000000000000000000000000, sa_flags=none
SIGQUIT: SIG_DFL, sa_mask[0]=00000000000000000000000000000000, sa_flags=none


---------------  S Y S T E M  ---------------

OS:DISTRIB_ID=Ubuntu
DISTRIB_RELEASE=14.10
DISTRIB_CODENAME=utopic
DISTRIB_DESCRIPTION="Ubuntu 14.10"

uname:Linux 3.16.0-31-generic #43-Ubuntu SMP Tue Mar 10 17:37:36 UTC 2015 x86_64
libc:glibc 2.19 NPTL 2.19 
rlimit: STACK 8192k, CORE 0k, NPROC 31367, NOFILE 4096, AS infinity
load average:1.33 0.65 0.57

/proc/meminfo:
MemTotal:        8062556 kB
MemFree:          124816 kB
MemAvailable:      68804 kB
Buffers:             316 kB
Cached:          5000352 kB
SwapCached:            0 kB
Active:          2871584 kB
Inactive:        4824912 kB
Active(anon):    2865908 kB
Inactive(anon):  4818916 kB
Active(file):       5676 kB
Inactive(file):     5996 kB
Unevictable:          48 kB
Mlocked:              48 kB
SwapTotal:             0 kB
SwapFree:              0 kB
Dirty:                64 kB
Writeback:             0 kB
AnonPages:       2696628 kB
Mapped:           236624 kB
Shmem:           4988316 kB
Slab:              91924 kB
SReclaimable:      45244 kB
SUnreclaim:        46680 kB
KernelStack:       15520 kB
PageTables:        53440 kB
NFS_Unstable:          0 kB
Bounce:                0 kB
WritebackTmp:          0 kB
CommitLimit:     4031276 kB
Committed_AS:   13996408 kB
VmallocTotal:   34359738367 kB
VmallocUsed:      359716 kB
VmallocChunk:   34359292944 kB
HardwareCorrupted:     0 kB
AnonHugePages:    849920 kB
HugePages_Total:       0
HugePages_Free:        0
HugePages_Rsvd:        0
HugePages_Surp:        0
Hugepagesize:       2048 kB
DirectMap4k:       99200 kB
DirectMap2M:     5029888 kB
DirectMap1G:     3145728 kB


CPU:total 4 (2 cores per cpu, 2 threads per core) family 6 model 69 stepping 1, cmov, cx8, fxsr, mmx, sse, sse2, sse3, ssse3, sse4.1, sse4.2, popcnt, avx, avx2, aes, clmul, erms, lzcnt, ht, tsc, tscinvbit, bmi1, bmi2

/proc/cpuinfo:
processor	: 0
vendor_id	: GenuineIntel
cpu family	: 6
model		: 69
model name	: Intel(R) Core(TM) i5-4210U CPU @ 1.70GHz
stepping	: 1
microcode	: 0x17
cpu MHz		: 2400.000
cache size	: 3072 KB
physical id	: 0
siblings	: 4
core id		: 0
cpu cores	: 2
apicid		: 0
initial apicid	: 0
fpu		: yes
fpu_exception	: yes
cpuid level	: 13
wp		: yes
flags		: fpu vme de pse tsc msr pae mce cx8 apic sep mtrr pge mca cmov pat pse36 clflush dts acpi mmx fxsr sse sse2 ss ht tm pbe syscall nx pdpe1gb rdtscp lm constant_tsc arch_perfmon pebs bts rep_good nopl xtopology nonstop_tsc aperfmperf eagerfpu pni pclmulqdq dtes64 monitor ds_cpl vmx est tm2 ssse3 fma cx16 xtpr pdcm pcid sse4_1 sse4_2 movbe popcnt tsc_deadline_timer aes xsave avx f16c rdrand lahf_lm abm ida arat epb xsaveopt pln pts dtherm tpr_shadow vnmi flexpriority ept vpid fsgsbase tsc_adjust bmi1 avx2 smep bmi2 erms invpcid
bogomips	: 4788.77
clflush size	: 64
cache_alignment	: 64
address sizes	: 39 bits physical, 48 bits virtual
power management:

processor	: 1
vendor_id	: GenuineIntel
cpu family	: 6
model		: 69
model name	: Intel(R) Core(TM) i5-4210U CPU @ 1.70GHz
stepping	: 1
microcode	: 0x17
cpu MHz		: 2400.000
cache size	: 3072 KB
physical id	: 0
siblings	: 4
core id		: 1
cpu cores	: 2
apicid		: 2
initial apicid	: 2
fpu		: yes
fpu_exception	: yes
cpuid level	: 13
wp		: yes
flags		: fpu vme de pse tsc msr pae mce cx8 apic sep mtrr pge mca cmov pat pse36 clflush dts acpi mmx fxsr sse sse2 ss ht tm pbe syscall nx pdpe1gb rdtscp lm constant_tsc arch_perfmon pebs bts rep_good nopl xtopology nonstop_tsc aperfmperf eagerfpu pni pclmulqdq dtes64 monitor ds_cpl vmx est tm2 ssse3 fma cx16 xtpr pdcm pcid sse4_1 sse4_2 movbe popcnt tsc_deadline_timer aes xsave avx f16c rdrand lahf_lm abm ida arat epb xsaveopt pln pts dtherm tpr_shadow vnmi flexpriority ept vpid fsgsbase tsc_adjust bmi1 avx2 smep bmi2 erms invpcid
bogomips	: 4788.77
clflush size	: 64
cache_alignment	: 64
address sizes	: 39 bits physical, 48 bits virtual
power management:

processor	: 2
vendor_id	: GenuineIntel
cpu family	: 6
model		: 69
model name	: Intel(R) Core(TM) i5-4210U CPU @ 1.70GHz
stepping	: 1
microcode	: 0x17
cpu MHz		: 2400.000
cache size	: 3072 KB
physical id	: 0
siblings	: 4
core id		: 0
cpu cores	: 2
apicid		: 1
initial apicid	: 1
fpu		: yes
fpu_exception	: yes
cpuid level	: 13
wp		: yes
flags		: fpu vme de pse tsc msr pae mce cx8 apic sep mtrr pge mca cmov pat pse36 clflush dts acpi mmx fxsr sse sse2 ss ht tm pbe syscall nx pdpe1gb rdtscp lm constant_tsc arch_perfmon pebs bts rep_good nopl xtopology nonstop_tsc aperfmperf eagerfpu pni pclmulqdq dtes64 monitor ds_cpl vmx est tm2 ssse3 fma cx16 xtpr pdcm pcid sse4_1 sse4_2 movbe popcnt tsc_deadline_timer aes xsave avx f16c rdrand lahf_lm abm ida arat epb xsaveopt pln pts dtherm tpr_shadow vnmi flexpriority ept vpid fsgsbase tsc_adjust bmi1 avx2 smep bmi2 erms invpcid
bogomips	: 4788.77
clflush size	: 64
cache_alignment	: 64
address sizes	: 39 bits physical, 48 bits virtual
power management:

processor	: 3
vendor_id	: GenuineIntel
cpu family	: 6
model		: 69
model name	: Intel(R) Core(TM) i5-4210U CPU @ 1.70GHz
stepping	: 1
microcode	: 0x17
cpu MHz		: 2400.000
cache size	: 3072 KB
physical id	: 0
siblings	: 4
core id		: 1
cpu cores	: 2
apicid		: 3
initial apicid	: 3
fpu		: yes
fpu_exception	: yes
cpuid level	: 13
wp		: yes
flags		: fpu vme de pse tsc msr pae mce cx8 apic sep mtrr pge mca cmov pat pse36 clflush dts acpi mmx fxsr sse sse2 ss ht tm pbe syscall nx pdpe1gb rdtscp lm constant_tsc arch_perfmon pebs bts rep_good nopl xtopology nonstop_tsc aperfmperf eagerfpu pni pclmulqdq dtes64 monitor ds_cpl vmx est tm2 ssse3 fma cx16 xtpr pdcm pcid sse4_1 sse4_2 movbe popcnt tsc_deadline_timer aes xsave avx f16c rdrand lahf_lm abm ida arat epb xsaveopt pln pts dtherm tpr_shadow vnmi flexpriority ept vpid fsgsbase tsc_adjust bmi1 avx2 smep bmi2 erms invpcid
bogomips	: 4788.77
clflush size	: 64
cache_alignment	: 64
address sizes	: 39 bits physical, 48 bits virtual
power management:



Memory: 4k page, physical 8062556k(125112k free), swap 0k(0k free)

vm_info: Java HotSpot(TM) 64-Bit Server VM (25.40-b25) for linux-amd64 JRE (1.8.0_40-b25), built on Feb 10 2015 21:29:53 by "java_re" with gcc 4.3.0 20080428 (Red Hat 4.3.0-8)

time: Mon Mar 23 22:24:04 2015
elapsed time: 0 seconds (0d 0h 0m 0s)

